@!@!@STARTMSG 2262:0 @!@!@
TLC2 Version 2.20 of Day Month 20?? (rev: e614959)
@!@!@ENDMSG 2262 @!@!@
@!@!@STARTMSG 2187:0 @!@!@
Running breadth-first search Model-Checking with fp 90 and seed -5442360825400462693 with 6 workers on 12 cores with 2407MB heap and 5410MB offheap memory [pid: 10228] (Windows 10 10.0 amd64, AdoptOpenJDK 14.0.1 x86_64, OffHeapDiskFPSet, DiskStateQueue).
@!@!@ENDMSG 2187 @!@!@
@!@!@STARTMSG 2220:0 @!@!@
Starting SANY...
@!@!@ENDMSG 2220 @!@!@
Parsing file D:\Semester 8\Pemodelan Formal\tugas besar\formal_method_elevator\elevator.toolbox\ElevatorModel\MC.tla
Parsing file D:\Semester 8\Pemodelan Formal\tugas besar\formal_method_elevator\elevator.toolbox\ElevatorModel\elevator.tla
Parsing file D:\Semester 8\Pemodelan Formal\TLAToolbox-1.8.0-win32.win32.x86_64\toolbox\plugins\org.lamport.tlatools_1.0.0.202505132201\tla2sany\StandardModules\TLC.tla
Parsing file D:\Semester 8\Pemodelan Formal\TLAToolbox-1.8.0-win32.win32.x86_64\toolbox\plugins\org.lamport.tlatools_1.0.0.202505132201\tla2sany\StandardModules\Naturals.tla
Parsing file D:\Semester 8\Pemodelan Formal\TLAToolbox-1.8.0-win32.win32.x86_64\toolbox\plugins\org.lamport.tlatools_1.0.0.202505132201\tla2sany\StandardModules\Sequences.tla
Parsing file D:\Semester 8\Pemodelan Formal\TLAToolbox-1.8.0-win32.win32.x86_64\toolbox\plugins\org.lamport.tlatools_1.0.0.202505132201\tla2sany\StandardModules\FiniteSets.tla
Semantic processing of module Naturals
Semantic processing of module Sequences
Semantic processing of module FiniteSets
Semantic processing of module TLC
Semantic processing of module elevator
Semantic processing of module MC
@!@!@STARTMSG 2219:0 @!@!@
SANY finished.
@!@!@ENDMSG 2219 @!@!@
@!@!@STARTMSG 2185:0 @!@!@
Starting... (2025-06-18 15:44:57)
@!@!@ENDMSG 2185 @!@!@
@!@!@STARTMSG 2189:0 @!@!@
Computing initial states...
@!@!@ENDMSG 2189 @!@!@
@!@!@STARTMSG 2269:0 @!@!@
Computed 2 initial states...
@!@!@ENDMSG 2269 @!@!@
@!@!@STARTMSG 2269:0 @!@!@
Computed 4 initial states...
@!@!@ENDMSG 2269 @!@!@
@!@!@STARTMSG 2190:0 @!@!@
Finished computing initial states: 5 distinct states generated at 2025-06-18 15:44:58.
@!@!@ENDMSG 2190 @!@!@
@!@!@STARTMSG 2193:0 @!@!@
Model checking completed. No error has been found.
  Estimates of the probability that TLC did not check all reachable states
  because two distinct states had the same fingerprint:
  calculated (optimistic):  val = 1.3E-15
@!@!@ENDMSG 2193 @!@!@
@!@!@STARTMSG 2201:0 @!@!@
The coverage statistics at 2025-06-18 15:44:58 (see https://explain.tlapl.us/module-coverage-statistics for how to interpret the following statistics).
@!@!@ENDMSG 2201 @!@!@
@!@!@STARTMSG 2773:0 @!@!@
<Init line 15, col 1 to line 15, col 4 of module elevator>: 5:5
@!@!@ENDMSG 2773 @!@!@
@!@!@STARTMSG 2221:0 @!@!@
  line 16, col 8 to line 16, col 30 of module elevator: 1
@!@!@ENDMSG 2221 @!@!@
@!@!@STARTMSG 2221:0 @!@!@
  line 18, col 8 to line 18, col 25 of module elevator: 5
@!@!@ENDMSG 2221 @!@!@
@!@!@STARTMSG 2772:0 @!@!@
<CallElevator line 20, col 1 to line 20, col 15 of module elevator>: 45:350
@!@!@ENDMSG 2772 @!@!@
@!@!@STARTMSG 2221:0 @!@!@
  line 13, col 18 to line 13, col 32 of module elevator: 700
@!@!@ENDMSG 2221 @!@!@
@!@!@STARTMSG 2221:0 @!@!@
  |line 13, col 18 to line 13, col 18 of module elevator: 350
@!@!@ENDMSG 2221 @!@!@
@!@!@STARTMSG 2221:0 @!@!@
  |line 13, col 24 to line 13, col 32 of module elevator: 350
@!@!@ENDMSG 2221 @!@!@
@!@!@STARTMSG 2221:0 @!@!@
  line 21, col 19 to line 21, col 19 of module elevator: 350
@!@!@ENDMSG 2221 @!@!@
@!@!@STARTMSG 2221:0 @!@!@
  line 22, col 8 to line 22, col 24 of module elevator: 350
@!@!@ENDMSG 2221 @!@!@
@!@!@STARTMSG 2221:0 @!@!@
  line 23, col 8 to line 23, col 26 of module elevator: 350
@!@!@ENDMSG 2221 @!@!@
@!@!@STARTMSG 2221:0 @!@!@
  line 24, col 8 to line 24, col 26 of module elevator: 350
@!@!@ENDMSG 2221 @!@!@
@!@!@STARTMSG 2772:0 @!@!@
<MoveElevator line 26, col 1 to line 26, col 12 of module elevator>: 20:65
@!@!@ENDMSG 2772 @!@!@
@!@!@STARTMSG 2221:0 @!@!@
  line 27, col 8 to line 27, col 23 of module elevator: 135
@!@!@ENDMSG 2221 @!@!@
@!@!@STARTMSG 2221:0 @!@!@
  |line 27, col 8 to line 27, col 19 of module elevator: 70
@!@!@ENDMSG 2221 @!@!@
@!@!@STARTMSG 2221:0 @!@!@
  line 28, col 11 to line 28, col 34 of module elevator: 65
@!@!@ENDMSG 2221 @!@!@
@!@!@STARTMSG 2221:0 @!@!@
  line 28, col 41 to line 28, col 57 of module elevator: 26
@!@!@ENDMSG 2221 @!@!@
@!@!@STARTMSG 2221:0 @!@!@
  line 29, col 16 to line 29, col 39 of module elevator: 39
@!@!@ENDMSG 2221 @!@!@
@!@!@STARTMSG 2221:0 @!@!@
  line 29, col 46 to line 29, col 64 of module elevator: 26
@!@!@ENDMSG 2221 @!@!@
@!@!@STARTMSG 2221:0 @!@!@
  line 30, col 13 to line 30, col 31 of module elevator: 13
@!@!@ENDMSG 2221 @!@!@
@!@!@STARTMSG 2221:0 @!@!@
  line 31, col 8 to line 31, col 46 of module elevator: 65
@!@!@ENDMSG 2221 @!@!@
@!@!@STARTMSG 2202:0 @!@!@
End of statistics.
@!@!@ENDMSG 2202 @!@!@
@!@!@STARTMSG 2200:0 @!@!@
Progress(5) at 2025-06-18 15:44:58: 420 states generated (43,750 s/min), 70 distinct states found (7,291 ds/min), 0 states left on queue.
@!@!@ENDMSG 2200 @!@!@
@!@!@STARTMSG 2199:0 @!@!@
420 states generated, 70 distinct states found, 0 states left on queue.
@!@!@ENDMSG 2199 @!@!@
@!@!@STARTMSG 2194:0 @!@!@
The depth of the complete state graph search is 5.
@!@!@ENDMSG 2194 @!@!@
@!@!@STARTMSG 2268:0 @!@!@
The average outdegree of the complete state graph is 1 (minimum is 0, the maximum 5 and the 95th percentile is 5).
@!@!@ENDMSG 2268 @!@!@
@!@!@STARTMSG 2186:0 @!@!@
Finished in 578ms at (2025-06-18 15:44:58)
@!@!@ENDMSG 2186 @!@!@
